<?xml version="1.0" encoding="UTF-8"?>
<testsuite name="hexlet.code.ParserTest" tests="1" skipped="0" failures="0" errors="0" timestamp="2022-10-08T20:25:09" hostname="LAPTOP-B1P1P317" time="0.059">
  <properties/>
  <testcase name="testParser()" classname="hexlet.code.ParserTest" time="0.059"/>
  <system-out><![CDATA[]]></system-out>
  <system-err><![CDATA[]]></system-err>
</testsuite>
